<?xml version="1.0" encoding="UTF-8"?>
<!-- Generated by org.testng.reporters.JUnitXMLReporter -->
<testsuite ignored="0" hostname="vino" failures="1" tests="13" name="Test" time="13.056" errors="0" timestamp="2023-09-03T12:26:28 IST">
  <testcase classname="testng.RetryUnknownFailedTestcases" name="testName" time="2.289">
    <skipped/>
  </testcase> <!-- testName -->
  <testcase classname="testng.RetryUnknownFailedTestcases" name="testName" time="0.822">
    <skipped/>
  </testcase> <!-- testName -->
  <testcase classname="testng.RetryUnknownFailedTestcases" name="testName" time="0.888">
    <skipped/>
  </testcase> <!-- testName -->
  <testcase classname="testng.RetryUnknownFailedTestcases" name="testName" time="0.91">
    <skipped/>
  </testcase> <!-- testName -->
  <testcase classname="testng.RetryUnknownFailedTestcases" name="testName" time="0.895">
    <skipped/>
  </testcase> <!-- testName -->
  <testcase classname="testng.RetryUnknownFailedTestcases" name="testName" time="0.839">
    <skipped/>
  </testcase> <!-- testName -->
  <testcase classname="testng.RetryUnknownFailedTestcases" name="testName" time="1.044">
    <skipped/>
  </testcase> <!-- testName -->
  <testcase classname="testng.RetryUnknownFailedTestcases" name="testName" time="1.04">
    <skipped/>
  </testcase> <!-- testName -->
  <testcase classname="testng.RetryUnknownFailedTestcases" name="testName" time="0.983">
    <skipped/>
  </testcase> <!-- testName -->
  <testcase classname="testng.RetryUnknownFailedTestcases" name="testName" time="1.078">
    <skipped/>
  </testcase> <!-- testName -->
  <testcase classname="testng.RetryUnknownFailedTestcases" name="testName" time="1.102">
    <skipped/>
  </testcase> <!-- testName -->
  <testcase classname="testng.RetryUnknownFailedTestcases" name="testName" time="1.045">
    <failure type="org.openqa.selenium.InvalidArgumentException" message="invalid argument
  (Session info: chrome=116.0.5845.141)
Build info: version: &amp;apos;4.11.0&amp;apos;, revision: &amp;apos;040bc5406b&amp;apos;
System info: os.name: &amp;apos;Windows 11&amp;apos;, os.arch: &amp;apos;amd64&amp;apos;, os.version: &amp;apos;10.0&amp;apos;, java.version: &amp;apos;17.0.7&amp;apos;
Driver info: org.openqa.selenium.chrome.ChromeDriver
Command: [e53f87c6b4547fe5cd38a9835c31153e, get {url=https//:testurl}]
Capabilities {acceptInsecureCerts: false, browserName: chrome, browserVersion: 116.0.5845.141, chrome: {chromedriverVersion: 116.0.5845.96 (1a3918166880..., userDataDir: C:\Users\Kisho\AppData\Loca...}, fedcm:accounts: true, goog:chromeOptions: {debuggerAddress: localhost:58451}, networkConnectionEnabled: false, pageLoadStrategy: normal, platformName: windows, proxy: Proxy(), se:cdp: ws://localhost:58451/devtoo..., se:cdpVersion: 116.0.5845.141, setWindowRect: true, strictFileInteractability: false, timeouts: {implicit: 0, pageLoad: 300000, script: 30000}, unhandledPromptBehavior: dismiss and notify, webauthn:extension:credBlob: true, webauthn:extension:largeBlob: true, webauthn:extension:minPinLength: true, webauthn:extension:prf: true, webauthn:virtualAuthenticators: true}
Session ID: e53f87c6b4547fe5cd38a9835c31153e">
      <![CDATA[org.openqa.selenium.InvalidArgumentException: invalid argument
  (Session info: chrome=116.0.5845.141)
Build info: version: '4.11.0', revision: '040bc5406b'
System info: os.name: 'Windows 11', os.arch: 'amd64', os.version: '10.0', java.version: '17.0.7'
Driver info: org.openqa.selenium.chrome.ChromeDriver
Command: [e53f87c6b4547fe5cd38a9835c31153e, get {url=https//:testurl}]
Capabilities {acceptInsecureCerts: false, browserName: chrome, browserVersion: 116.0.5845.141, chrome: {chromedriverVersion: 116.0.5845.96 (1a3918166880..., userDataDir: C:\Users\Kisho\AppData\Loca...}, fedcm:accounts: true, goog:chromeOptions: {debuggerAddress: localhost:58451}, networkConnectionEnabled: false, pageLoadStrategy: normal, platformName: windows, proxy: Proxy(), se:cdp: ws://localhost:58451/devtoo..., se:cdpVersion: 116.0.5845.141, setWindowRect: true, strictFileInteractability: false, timeouts: {implicit: 0, pageLoad: 300000, script: 30000}, unhandledPromptBehavior: dismiss and notify, webauthn:extension:credBlob: true, webauthn:extension:largeBlob: true, webauthn:extension:minPinLength: true, webauthn:extension:prf: true, webauthn:virtualAuthenticators: true}
Session ID: e53f87c6b4547fe5cd38a9835c31153e
at org.openqa.selenium.remote.codec.w3c.W3CHttpResponseCodec.createException(W3CHttpResponseCodec.java:200)
at org.openqa.selenium.remote.codec.w3c.W3CHttpResponseCodec.decode(W3CHttpResponseCodec.java:133)
at org.openqa.selenium.remote.codec.w3c.W3CHttpResponseCodec.decode(W3CHttpResponseCodec.java:52)
at org.openqa.selenium.remote.HttpCommandExecutor.execute(HttpCommandExecutor.java:191)
at org.openqa.selenium.remote.service.DriverCommandExecutor.invokeExecute(DriverCommandExecutor.java:196)
at org.openqa.selenium.remote.service.DriverCommandExecutor.execute(DriverCommandExecutor.java:171)
at org.openqa.selenium.remote.RemoteWebDriver.execute(RemoteWebDriver.java:518)
at org.openqa.selenium.remote.RemoteWebDriver.get(RemoteWebDriver.java:300)
at base.BaseClass.getPage(BaseClass.java:65)
at testng.RetryUnknownFailedTestcases.testName(RetryUnknownFailedTestcases.java:20)
at java.base/java.util.ArrayList.forEach(ArrayList.java:1511)
... Removed 32 stack frames]]>
    </failure>
  </testcase> <!-- testName -->
  <testcase classname="testng.RetryUnknownFailedTestcases" name="testName2" time="0.006"/>
</testsuite> <!-- Test -->
